  main.cpp
C:\Users\48571\source\repos\InitializerList\main.cpp(9,2): error C2679: binary '<<': no operator found which takes a right-hand operand of type '_T0' (or there is no acceptable conversion)
C:\Users\48571\source\repos\InitializerList\main.cpp(9,2): error C2679:         with
C:\Users\48571\source\repos\InitializerList\main.cpp(9,2): error C2679:         [
C:\Users\48571\source\repos\InitializerList\main.cpp(9,2): error C2679:             _T0=std::initializer_list<int>
C:\Users\48571\source\repos\InitializerList\main.cpp(9,2): error C2679:         ]
  C:\Program Files\Microsoft Visual Studio\2022\Community\VC\Tools\MSVC\14.38.33130\include\ostream(480,39):
  could be 'std::basic_ostream<char,std::char_traits<char>> &std::basic_ostream<char,std::char_traits<char>>::operator <<(std::basic_streambuf<char,std::char_traits<char>> *)'
  C:\Program Files\Microsoft Visual Studio\2022\Community\VC\Tools\MSVC\14.38.33130\include\ostream(448,39):
  or       'std::basic_ostream<char,std::char_traits<char>> &std::basic_ostream<char,std::char_traits<char>>::operator <<(const void *)'
  C:\Program Files\Microsoft Visual Studio\2022\Community\VC\Tools\MSVC\14.38.33130\include\ostream(430,39):
  or       'std::basic_ostream<char,std::char_traits<char>> &std::basic_ostream<char,std::char_traits<char>>::operator <<(long double)'
  C:\Program Files\Microsoft Visual Studio\2022\Community\VC\Tools\MSVC\14.38.33130\include\ostream(412,39):
  or       'std::basic_ostream<char,std::char_traits<char>> &std::basic_ostream<char,std::char_traits<char>>::operator <<(double)'
  C:\Program Files\Microsoft Visual Studio\2022\Community\VC\Tools\MSVC\14.38.33130\include\ostream(394,39):
  or       'std::basic_ostream<char,std::char_traits<char>> &std::basic_ostream<char,std::char_traits<char>>::operator <<(float)'
  C:\Program Files\Microsoft Visual Studio\2022\Community\VC\Tools\MSVC\14.38.33130\include\ostream(376,39):
  or       'std::basic_ostream<char,std::char_traits<char>> &std::basic_ostream<char,std::char_traits<char>>::operator <<(unsigned __int64)'
  C:\Program Files\Microsoft Visual Studio\2022\Community\VC\Tools\MSVC\14.38.33130\include\ostream(358,39):
  or       'std::basic_ostream<char,std::char_traits<char>> &std::basic_ostream<char,std::char_traits<char>>::operator <<(__int64)'
  C:\Program Files\Microsoft Visual Studio\2022\Community\VC\Tools\MSVC\14.38.33130\include\ostream(340,39):
  or       'std::basic_ostream<char,std::char_traits<char>> &std::basic_ostream<char,std::char_traits<char>>::operator <<(unsigned long)'
  C:\Program Files\Microsoft Visual Studio\2022\Community\VC\Tools\MSVC\14.38.33130\include\ostream(322,39):
  or       'std::basic_ostream<char,std::char_traits<char>> &std::basic_ostream<char,std::char_traits<char>>::operator <<(long)'
  C:\Program Files\Microsoft Visual Studio\2022\Community\VC\Tools\MSVC\14.38.33130\include\ostream(303,39):
  or       'std::basic_ostream<char,std::char_traits<char>> &std::basic_ostream<char,std::char_traits<char>>::operator <<(unsigned int)'
  C:\Program Files\Microsoft Visual Studio\2022\Community\VC\Tools\MSVC\14.38.33130\include\ostream(277,39):
  or       'std::basic_ostream<char,std::char_traits<char>> &std::basic_ostream<char,std::char_traits<char>>::operator <<(int)'
  C:\Program Files\Microsoft Visual Studio\2022\Community\VC\Tools\MSVC\14.38.33130\include\ostream(258,39):
  or       'std::basic_ostream<char,std::char_traits<char>> &std::basic_ostream<char,std::char_traits<char>>::operator <<(unsigned short)'
  C:\Program Files\Microsoft Visual Studio\2022\Community\VC\Tools\MSVC\14.38.33130\include\ostream(224,39):
  or       'std::basic_ostream<char,std::char_traits<char>> &std::basic_ostream<char,std::char_traits<char>>::operator <<(short)'
  C:\Program Files\Microsoft Visual Studio\2022\Community\VC\Tools\MSVC\14.38.33130\include\ostream(206,39):
  or       'std::basic_ostream<char,std::char_traits<char>> &std::basic_ostream<char,std::char_traits<char>>::operator <<(bool)'
  C:\Program Files\Microsoft Visual Studio\2022\Community\VC\Tools\MSVC\14.38.33130\include\ostream(200,39):
  or       'std::basic_ostream<char,std::char_traits<char>> &std::basic_ostream<char,std::char_traits<char>>::operator <<(std::ios_base &(__cdecl *)(std::ios_base &))'
  C:\Program Files\Microsoft Visual Studio\2022\Community\VC\Tools\MSVC\14.38.33130\include\ostream(194,39):
  or       'std::basic_ostream<char,std::char_traits<char>> &std::basic_ostream<char,std::char_traits<char>>::operator <<(std::basic_ios<char,std::char_traits<char>> &(__cdecl *)(std::basic_ios<char,std::char_traits<char>> &))'
  C:\Program Files\Microsoft Visual Studio\2022\Community\VC\Tools\MSVC\14.38.33130\include\ostream(189,39):
  or       'std::basic_ostream<char,std::char_traits<char>> &std::basic_ostream<char,std::char_traits<char>>::operator <<(std::basic_ostream<char,std::char_traits<char>> &(__cdecl *)(std::basic_ostream<char,std::char_traits<char>> &))'
  C:\Program Files\Microsoft Visual Studio\2022\Community\VC\Tools\MSVC\14.38.33130\include\ostream(475,20):
  or       'std::basic_ostream<char,std::char_traits<char>> &std::basic_ostream<char,std::char_traits<char>>::operator <<(std::nullptr_t)'
  	C:\Users\48571\source\repos\InitializerList\main.cpp(9,10):
  	'initializing': cannot convert from '_T0' to 'std::nullptr_t'
          with
          [
              _T0=std::initializer_list<int>
          ]
  		C:\Users\48571\source\repos\InitializerList\main.cpp(9,10):
  		No user-defined-conversion operator available that can perform this conversion, or the operator cannot be called
  C:\Program Files\Microsoft Visual Studio\2022\Community\VC\Tools\MSVC\14.38.33130\include\ostream(1080,32):
  or       'std::basic_ostream<_Elem,_Traits> &std::operator <<(std::basic_ostream<_Elem,_Traits> &,const std::error_code &)'
  	C:\Users\48571\source\repos\InitializerList\main.cpp(9,10):
  	'initializing': cannot convert from '_T0' to 'const std::error_code &'
          with
          [
              _T0=std::initializer_list<int>
          ]
  		C:\Users\48571\source\repos\InitializerList\main.cpp(9,10):
  		Reason: cannot convert from '_T0' to 'const std::error_code'
          with
          [
              _T0=std::initializer_list<int>
          ]
  		C:\Users\48571\source\repos\InitializerList\main.cpp(9,10):
  		No user-defined-conversion operator available that can perform this conversion, or the operator cannot be called
  C:\Program Files\Microsoft Visual Studio\2022\Community\VC\Tools\MSVC\14.38.33130\include\ostream(1003,9):
  or       '_Ostr &&std::operator <<(_Ostr &&,const _Ty &)'
  	C:\Users\48571\source\repos\InitializerList\main.cpp(9,2):
  	'_Ostr &&std::operator <<(_Ostr &&,const _Ty &)': could not deduce template argument for '__formal'
  		C:\Program Files\Microsoft Visual Studio\2022\Community\VC\Tools\MSVC\14.38.33130\include\ostream(1002,103):
  		'<template-parameter>': you cannot create a pointer to a reference
  C:\Program Files\Microsoft Visual Studio\2022\Community\VC\Tools\MSVC\14.38.33130\include\ostream(991,34):
  or       'std::basic_ostream<wchar_t,_Traits> &std::operator <<(std::basic_ostream<wchar_t,_Traits> &,const char32_t *)'
  	C:\Users\48571\source\repos\InitializerList\main.cpp(9,2):
  	'std::basic_ostream<wchar_t,_Traits> &std::operator <<(std::basic_ostream<wchar_t,_Traits> &,const char32_t *)': could not deduce template argument for 'std::basic_ostream<wchar_t,_Traits> &' from 'std::ostream'
  C:\Program Files\Microsoft Visual Studio\2022\Community\VC\Tools\MSVC\14.38.33130\include\ostream(989,34):
  or       'std::basic_ostream<wchar_t,_Traits> &std::operator <<(std::basic_ostream<wchar_t,_Traits> &,const char16_t *)'
  	C:\Users\48571\source\repos\InitializerList\main.cpp(9,2):
  	'std::basic_ostream<wchar_t,_Traits> &std::operator <<(std::basic_ostream<wchar_t,_Traits> &,const char16_t *)': could not deduce template argument for 'std::basic_ostream<wchar_t,_Traits> &' from 'std::ostream'
  C:\Program Files\Microsoft Visual Studio\2022\Community\VC\Tools\MSVC\14.38.33130\include\ostream(986,31):
  or       'std::basic_ostream<char,_Traits> &std::operator <<(std::basic_ostream<char,_Traits> &,const char32_t *)'
  	C:\Users\48571\source\repos\InitializerList\main.cpp(9,10):
  	'initializing': cannot convert from '_T0' to 'const char32_t *'
          with
          [
              _T0=std::initializer_list<int>
          ]
  		C:\Users\48571\source\repos\InitializerList\main.cpp(9,10):
  		No user-defined-conversion operator available that can perform this conversion, or the operator cannot be called
  C:\Program Files\Microsoft Visual Studio\2022\Community\VC\Tools\MSVC\14.38.33130\include\ostream(984,31):
  or       'std::basic_ostream<char,_Traits> &std::operator <<(std::basic_ostream<char,_Traits> &,const char16_t *)'
  	C:\Users\48571\source\repos\InitializerList\main.cpp(9,10):
  	'initializing': cannot convert from '_T0' to 'const char16_t *'
          with
          [
              _T0=std::initializer_list<int>
          ]
  		C:\Users\48571\source\repos\InitializerList\main.cpp(9,10):
  		No user-defined-conversion operator available that can perform this conversion, or the operator cannot be called
  C:\Program Files\Microsoft Visual Studio\2022\Community\VC\Tools\MSVC\14.38.33130\include\ostream(981,34):
  or       'std::basic_ostream<wchar_t,_Traits> &std::operator <<(std::basic_ostream<wchar_t,_Traits> &,char32_t)'
  	C:\Users\48571\source\repos\InitializerList\main.cpp(9,2):
  	'std::basic_ostream<wchar_t,_Traits> &std::operator <<(std::basic_ostream<wchar_t,_Traits> &,char32_t)': could not deduce template argument for 'std::basic_ostream<wchar_t,_Traits> &' from 'std::ostream'
  C:\Program Files\Microsoft Visual Studio\2022\Community\VC\Tools\MSVC\14.38.33130\include\ostream(979,34):
  or       'std::basic_ostream<wchar_t,_Traits> &std::operator <<(std::basic_ostream<wchar_t,_Traits> &,char16_t)'
  	C:\Users\48571\source\repos\InitializerList\main.cpp(9,2):
  	'std::basic_ostream<wchar_t,_Traits> &std::operator <<(std::basic_ostream<wchar_t,_Traits> &,char16_t)': could not deduce template argument for 'std::basic_ostream<wchar_t,_Traits> &' from 'std::ostream'
  C:\Program Files\Microsoft Visual Studio\2022\Community\VC\Tools\MSVC\14.38.33130\include\ostream(976,31):
  or       'std::basic_ostream<char,_Traits> &std::operator <<(std::basic_ostream<char,_Traits> &,char32_t)'
  	C:\Users\48571\source\repos\InitializerList\main.cpp(9,10):
  	'initializing': cannot convert from '_T0' to 'char32_t'
          with
          [
              _T0=std::initializer_list<int>
          ]
  		C:\Users\48571\source\repos\InitializerList\main.cpp(9,10):
  		No user-defined-conversion operator available that can perform this conversion, or the operator cannot be called
  C:\Program Files\Microsoft Visual Studio\2022\Community\VC\Tools\MSVC\14.38.33130\include\ostream(974,31):
  or       'std::basic_ostream<char,_Traits> &std::operator <<(std::basic_ostream<char,_Traits> &,char16_t)'
  	C:\Users\48571\source\repos\InitializerList\main.cpp(9,10):
  	'initializing': cannot convert from '_T0' to 'char16_t'
          with
          [
              _T0=std::initializer_list<int>
          ]
  		C:\Users\48571\source\repos\InitializerList\main.cpp(9,10):
  		No user-defined-conversion operator available that can perform this conversion, or the operator cannot be called
  C:\Program Files\Microsoft Visual Studio\2022\Community\VC\Tools\MSVC\14.38.33130\include\ostream(970,31):
  or       'std::basic_ostream<char,_Traits> &std::operator <<(std::basic_ostream<char,_Traits> &,const wchar_t *)'
  	C:\Users\48571\source\repos\InitializerList\main.cpp(9,10):
  	'initializing': cannot convert from '_T0' to 'const wchar_t *'
          with
          [
              _T0=std::initializer_list<int>
          ]
  		C:\Users\48571\source\repos\InitializerList\main.cpp(9,10):
  		No user-defined-conversion operator available that can perform this conversion, or the operator cannot be called
  C:\Program Files\Microsoft Visual Studio\2022\Community\VC\Tools\MSVC\14.38.33130\include\ostream(967,31):
  or       'std::basic_ostream<char,_Traits> &std::operator <<(std::basic_ostream<char,_Traits> &,wchar_t)'
  	C:\Users\48571\source\repos\InitializerList\main.cpp(9,10):
  	'initializing': cannot convert from '_T0' to 'wchar_t'
          with
          [
              _T0=std::initializer_list<int>
          ]
  		C:\Users\48571\source\repos\InitializerList\main.cpp(9,10):
  		No user-defined-conversion operator available that can perform this conversion, or the operator cannot be called
  C:\Program Files\Microsoft Visual Studio\2022\Community\VC\Tools\MSVC\14.38.33130\include\ostream(961,34):
  or       'std::basic_ostream<wchar_t,_Traits> &std::operator <<(std::basic_ostream<wchar_t,_Traits> &,char8_t)'
  	C:\Users\48571\source\repos\InitializerList\main.cpp(9,2):
  	'std::basic_ostream<wchar_t,_Traits> &std::operator <<(std::basic_ostream<wchar_t,_Traits> &,char8_t)': could not deduce template argument for 'std::basic_ostream<wchar_t,_Traits> &' from 'std::ostream'
  C:\Program Files\Microsoft Visual Studio\2022\Community\VC\Tools\MSVC\14.38.33130\include\ostream(959,31):
  or       'std::basic_ostream<char,_Traits> &std::operator <<(std::basic_ostream<char,_Traits> &,char8_t)'
  	C:\Users\48571\source\repos\InitializerList\main.cpp(9,10):
  	'initializing': cannot convert from '_T0' to 'char8_t'
          with
          [
              _T0=std::initializer_list<int>
          ]
  		C:\Users\48571\source\repos\InitializerList\main.cpp(9,10):
  		No user-defined-conversion operator available that can perform this conversion, or the operator cannot be called
  C:\Program Files\Microsoft Visual Studio\2022\Community\VC\Tools\MSVC\14.38.33130\include\ostream(955,34):
  or       'std::basic_ostream<wchar_t,_Traits> &std::operator <<(std::basic_ostream<wchar_t,_Traits> &,const char8_t *)'
  	C:\Users\48571\source\repos\InitializerList\main.cpp(9,2):
  	'std::basic_ostream<wchar_t,_Traits> &std::operator <<(std::basic_ostream<wchar_t,_Traits> &,const char8_t *)': could not deduce template argument for 'std::basic_ostream<wchar_t,_Traits> &' from 'std::ostream'
  C:\Program Files\Microsoft Visual Studio\2022\Community\VC\Tools\MSVC\14.38.33130\include\ostream(953,31):
  or       'std::basic_ostream<char,_Traits> &std::operator <<(std::basic_ostream<char,_Traits> &,const char8_t *)'
  	C:\Users\48571\source\repos\InitializerList\main.cpp(9,10):
  	'initializing': cannot convert from '_T0' to 'const char8_t *'
          with
          [
              _T0=std::initializer_list<int>
          ]
  		C:\Users\48571\source\repos\InitializerList\main.cpp(9,10):
  		No user-defined-conversion operator available that can perform this conversion, or the operator cannot be called
  C:\Program Files\Microsoft Visual Studio\2022\Community\VC\Tools\MSVC\14.38.33130\include\ostream(945,31):
  or       'std::basic_ostream<char,_Traits> &std::operator <<(std::basic_ostream<char,_Traits> &,unsigned char)'
  	C:\Users\48571\source\repos\InitializerList\main.cpp(9,10):
  	'initializing': cannot convert from '_T0' to 'unsigned char'
          with
          [
              _T0=std::initializer_list<int>
          ]
  		C:\Users\48571\source\repos\InitializerList\main.cpp(9,10):
  		No user-defined-conversion operator available that can perform this conversion, or the operator cannot be called
  C:\Program Files\Microsoft Visual Studio\2022\Community\VC\Tools\MSVC\14.38.33130\include\ostream(939,31):
  or       'std::basic_ostream<char,_Traits> &std::operator <<(std::basic_ostream<char,_Traits> &,const unsigned char *)'
  	C:\Users\48571\source\repos\InitializerList\main.cpp(9,10):
  	'initializing': cannot convert from '_T0' to 'const unsigned char *'
          with
          [
              _T0=std::initializer_list<int>
          ]
  		C:\Users\48571\source\repos\InitializerList\main.cpp(9,10):
  		No user-defined-conversion operator available that can perform this conversion, or the operator cannot be called
  C:\Program Files\Microsoft Visual Studio\2022\Community\VC\Tools\MSVC\14.38.33130\include\ostream(934,31):
  or       'std::basic_ostream<char,_Traits> &std::operator <<(std::basic_ostream<char,_Traits> &,signed char)'
  	C:\Users\48571\source\repos\InitializerList\main.cpp(9,10):
  	'initializing': cannot convert from '_T0' to 'signed char'
          with
          [
              _T0=std::initializer_list<int>
          ]
  		C:\Users\48571\source\repos\InitializerList\main.cpp(9,10):
  		No user-defined-conversion operator available that can perform this conversion, or the operator cannot be called
  C:\Program Files\Microsoft Visual Studio\2022\Community\VC\Tools\MSVC\14.38.33130\include\ostream(928,31):
  or       'std::basic_ostream<char,_Traits> &std::operator <<(std::basic_ostream<char,_Traits> &,const signed char *)'
  	C:\Users\48571\source\repos\InitializerList\main.cpp(9,10):
  	'initializing': cannot convert from '_T0' to 'const signed char *'
          with
          [
              _T0=std::initializer_list<int>
          ]
  		C:\Users\48571\source\repos\InitializerList\main.cpp(9,10):
  		No user-defined-conversion operator available that can perform this conversion, or the operator cannot be called
  C:\Program Files\Microsoft Visual Studio\2022\Community\VC\Tools\MSVC\14.38.33130\include\ostream(892,32):
  or       'std::basic_ostream<_Elem,_Traits> &std::operator <<(std::basic_ostream<_Elem,_Traits> &,_Elem)'
  	C:\Users\48571\source\repos\InitializerList\main.cpp(9,2):
  	'std::basic_ostream<_Elem,_Traits> &std::operator <<(std::basic_ostream<_Elem,_Traits> &,_Elem)': template parameter '_Elem' is ambiguous
  		C:\Users\48571\source\repos\InitializerList\main.cpp(9,2):
  		could be '_T0'
          with
          [
              _T0=std::initializer_list<int>
          ]
  		C:\Users\48571\source\repos\InitializerList\main.cpp(9,2):
  		or       'char'
  	C:\Users\48571\source\repos\InitializerList\main.cpp(9,2):
  	'std::basic_ostream<_Elem,_Traits> &std::operator <<(std::basic_ostream<_Elem,_Traits> &,_Elem)': could not deduce template argument for '_Elem' from '_T0'
          with
          [
              _T0=std::initializer_list<int>
          ]
  C:\Program Files\Microsoft Visual Studio\2022\Community\VC\Tools\MSVC\14.38.33130\include\ostream(849,32):
  or       'std::basic_ostream<_Elem,_Traits> &std::operator <<(std::basic_ostream<_Elem,_Traits> &,const _Elem *)'
  	C:\Users\48571\source\repos\InitializerList\main.cpp(9,2):
  	'std::basic_ostream<_Elem,_Traits> &std::operator <<(std::basic_ostream<_Elem,_Traits> &,const _Elem *)': could not deduce template argument for 'const _Elem *' from '_T0'
          with
          [
              _T0=std::initializer_list<int>
          ]
  C:\Program Files\Microsoft Visual Studio\2022\Community\VC\Tools\MSVC\14.38.33130\include\ostream(811,31):
  or       'std::basic_ostream<char,_Traits> &std::operator <<(std::basic_ostream<char,_Traits> &,char)'
  	C:\Users\48571\source\repos\InitializerList\main.cpp(9,10):
  	'initializing': cannot convert from '_T0' to 'char'
          with
          [
              _T0=std::initializer_list<int>
          ]
  		C:\Users\48571\source\repos\InitializerList\main.cpp(9,10):
  		No user-defined-conversion operator available that can perform this conversion, or the operator cannot be called
  C:\Program Files\Microsoft Visual Studio\2022\Community\VC\Tools\MSVC\14.38.33130\include\ostream(766,31):
  or       'std::basic_ostream<char,_Traits> &std::operator <<(std::basic_ostream<char,_Traits> &,const char *)'
  	C:\Users\48571\source\repos\InitializerList\main.cpp(9,10):
  	'initializing': cannot convert from '_T0' to 'const char *'
          with
          [
              _T0=std::initializer_list<int>
          ]
  		C:\Users\48571\source\repos\InitializerList\main.cpp(9,10):
  		No user-defined-conversion operator available that can perform this conversion, or the operator cannot be called
  C:\Program Files\Microsoft Visual Studio\2022\Community\VC\Tools\MSVC\14.38.33130\include\ostream(730,32):
  or       'std::basic_ostream<_Elem,_Traits> &std::operator <<(std::basic_ostream<_Elem,_Traits> &,char)'
  	C:\Users\48571\source\repos\InitializerList\main.cpp(9,10):
  	'initializing': cannot convert from '_T0' to 'char'
          with
          [
              _T0=std::initializer_list<int>
          ]
  		C:\Users\48571\source\repos\InitializerList\main.cpp(9,10):
  		No user-defined-conversion operator available that can perform this conversion, or the operator cannot be called
  C:\Program Files\Microsoft Visual Studio\2022\Community\VC\Tools\MSVC\14.38.33130\include\ostream(686,32):
  or       'std::basic_ostream<_Elem,_Traits> &std::operator <<(std::basic_ostream<_Elem,_Traits> &,const char *)'
  	C:\Users\48571\source\repos\InitializerList\main.cpp(9,10):
  	'initializing': cannot convert from '_T0' to 'const char *'
          with
          [
              _T0=std::initializer_list<int>
          ]
  		C:\Users\48571\source\repos\InitializerList\main.cpp(9,10):
  		No user-defined-conversion operator available that can perform this conversion, or the operator cannot be called
  C:\Program Files\Microsoft Visual Studio\2022\Community\VC\Tools\MSVC\14.38.33130\include\memory(3629,32):
  or       'std::basic_ostream<_Elem,_Traits> &std::operator <<(std::basic_ostream<_Elem,_Traits> &,const std::unique_ptr<_Ty2,_Dx2> &)'
  	C:\Users\48571\source\repos\InitializerList\main.cpp(9,2):
  	'std::basic_ostream<_Elem,_Traits> &std::operator <<(std::basic_ostream<_Elem,_Traits> &,const std::unique_ptr<_Ty2,_Dx2> &)': could not deduce template argument for 'const std::unique_ptr<_Ty2,_Dx2> &' from '_T0'
          with
          [
              _T0=std::initializer_list<int>
          ]
  C:\Program Files\Microsoft Visual Studio\2022\Community\VC\Tools\MSVC\14.38.33130\include\memory(1978,32):
  or       'std::basic_ostream<_Elem,_Traits> &std::operator <<(std::basic_ostream<_Elem,_Traits> &,const std::shared_ptr<_Ty> &)'
  	C:\Users\48571\source\repos\InitializerList\main.cpp(9,2):
  	'std::basic_ostream<_Elem,_Traits> &std::operator <<(std::basic_ostream<_Elem,_Traits> &,const std::shared_ptr<_Ty> &)': could not deduce template argument for 'const std::shared_ptr<_Ty> &' from '_T0'
          with
          [
              _T0=std::initializer_list<int>
          ]
  C:\Program Files\Microsoft Visual Studio\2022\Community\VC\Tools\MSVC\14.38.33130\include\xstring(5193,32):
  or       'std::basic_ostream<_Elem,_Traits> &std::operator <<(std::basic_ostream<_Elem,_Traits> &,const std::basic_string<_Elem,_Traits,_Alloc> &)'
  	C:\Users\48571\source\repos\InitializerList\main.cpp(9,2):
  	'std::basic_ostream<_Elem,_Traits> &std::operator <<(std::basic_ostream<_Elem,_Traits> &,const std::basic_string<_Elem,_Traits,_Alloc> &)': could not deduce template argument for 'const std::basic_string<_Elem,_Traits,_Alloc> &' from '_T0'
          with
          [
              _T0=std::initializer_list<int>
          ]
  C:\Program Files\Microsoft Visual Studio\2022\Community\VC\Tools\MSVC\14.38.33130\include\xstring(1804,32):
  or       'std::basic_ostream<_Elem,_Traits> &std::operator <<(std::basic_ostream<_Elem,_Traits> &,const std::basic_string_view<_Elem,_Traits>)'
  	C:\Users\48571\source\repos\InitializerList\main.cpp(9,2):
  	'std::basic_ostream<_Elem,_Traits> &std::operator <<(std::basic_ostream<_Elem,_Traits> &,const std::basic_string_view<_Elem,_Traits>)': could not deduce template argument for 'const std::basic_string_view<_Elem,_Traits>' from '_T0'
          with
          [
              _T0=std::initializer_list<int>
          ]
  C:\Program Files\Microsoft Visual Studio\2022\Community\VC\Tools\MSVC\14.38.33130\include\cstddef(37,27):
  or       'std::byte std::operator <<(const std::byte,const _IntType) noexcept'
  	C:\Users\48571\source\repos\InitializerList\main.cpp(9,2):
  	'std::byte std::operator <<(const std::byte,const _IntType) noexcept': could not deduce template argument for '__formal'
  		C:\Program Files\Microsoft Visual Studio\2022\Community\VC\Tools\MSVC\14.38.33130\include\cstddef(36,39):
  		'std::enable_if_t<false,int>' : Failed to specialize alias template
  C:\Program Files\Microsoft Visual Studio\2022\Community\VC\Tools\MSVC\14.38.33130\include\cstddef(37,27):
  or       'std::byte std::operator <<(const std::byte,const _IntType) noexcept'
  	C:\Users\48571\source\repos\InitializerList\main.cpp(9,2):
  	'std::byte std::operator <<(const std::byte,const _IntType) noexcept': could not deduce template argument for '__formal'
  		C:\Program Files\Microsoft Visual Studio\2022\Community\VC\Tools\MSVC\14.38.33130\include\cstddef(36,39):
  		'std::enable_if_t<false,int>' : Failed to specialize alias template
  C:\Program Files\Microsoft Visual Studio\2022\Community\VC\Tools\MSVC\14.38.33130\include\xstring(1804,32):
  or       'std::basic_ostream<_Elem,_Traits> &std::operator <<(std::basic_ostream<_Elem,_Traits> &,const std::basic_string_view<_Elem,_Traits>)'
  	C:\Users\48571\source\repos\InitializerList\main.cpp(9,2):
  	'std::basic_ostream<_Elem,_Traits> &std::operator <<(std::basic_ostream<_Elem,_Traits> &,const std::basic_string_view<_Elem,_Traits>)': could not deduce template argument for 'const std::basic_string_view<_Elem,_Traits>' from '_T0'
          with
          [
              _T0=std::initializer_list<int>
          ]
  C:\Program Files\Microsoft Visual Studio\2022\Community\VC\Tools\MSVC\14.38.33130\include\xstring(5193,32):
  or       'std::basic_ostream<_Elem,_Traits> &std::operator <<(std::basic_ostream<_Elem,_Traits> &,const std::basic_string<_Elem,_Traits,_Alloc> &)'
  	C:\Users\48571\source\repos\InitializerList\main.cpp(9,2):
  	'std::basic_ostream<_Elem,_Traits> &std::operator <<(std::basic_ostream<_Elem,_Traits> &,const std::basic_string<_Elem,_Traits,_Alloc> &)': could not deduce template argument for 'const std::basic_string<_Elem,_Traits,_Alloc> &' from '_T0'
          with
          [
              _T0=std::initializer_list<int>
          ]
  C:\Program Files\Microsoft Visual Studio\2022\Community\VC\Tools\MSVC\14.38.33130\include\memory(1978,32):
  or       'std::basic_ostream<_Elem,_Traits> &std::operator <<(std::basic_ostream<_Elem,_Traits> &,const std::shared_ptr<_Ty> &)'
  	C:\Users\48571\source\repos\InitializerList\main.cpp(9,2):
  	'std::basic_ostream<_Elem,_Traits> &std::operator <<(std::basic_ostream<_Elem,_Traits> &,const std::shared_ptr<_Ty> &)': could not deduce template argument for 'const std::shared_ptr<_Ty> &' from '_T0'
          with
          [
              _T0=std::initializer_list<int>
          ]
  C:\Program Files\Microsoft Visual Studio\2022\Community\VC\Tools\MSVC\14.38.33130\include\memory(3629,32):
  or       'std::basic_ostream<_Elem,_Traits> &std::operator <<(std::basic_ostream<_Elem,_Traits> &,const std::unique_ptr<_Ty2,_Dx2> &)'
  	C:\Users\48571\source\repos\InitializerList\main.cpp(9,2):
  	'std::basic_ostream<_Elem,_Traits> &std::operator <<(std::basic_ostream<_Elem,_Traits> &,const std::unique_ptr<_Ty2,_Dx2> &)': could not deduce template argument for 'const std::unique_ptr<_Ty2,_Dx2> &' from '_T0'
          with
          [
              _T0=std::initializer_list<int>
          ]
  C:\Program Files\Microsoft Visual Studio\2022\Community\VC\Tools\MSVC\14.38.33130\include\ostream(686,32):
  or       'std::basic_ostream<_Elem,_Traits> &std::operator <<(std::basic_ostream<_Elem,_Traits> &,const char *)'
  	C:\Users\48571\source\repos\InitializerList\main.cpp(9,10):
  	'initializing': cannot convert from '_T0' to 'const char *'
          with
          [
              _T0=std::initializer_list<int>
          ]
  		C:\Users\48571\source\repos\InitializerList\main.cpp(9,10):
  		No user-defined-conversion operator available that can perform this conversion, or the operator cannot be called
  C:\Program Files\Microsoft Visual Studio\2022\Community\VC\Tools\MSVC\14.38.33130\include\ostream(730,32):
  or       'std::basic_ostream<_Elem,_Traits> &std::operator <<(std::basic_ostream<_Elem,_Traits> &,char)'
  	C:\Users\48571\source\repos\InitializerList\main.cpp(9,10):
  	'initializing': cannot convert from '_T0' to 'char'
          with
          [
              _T0=std::initializer_list<int>
          ]
  		C:\Users\48571\source\repos\InitializerList\main.cpp(9,10):
  		No user-defined-conversion operator available that can perform this conversion, or the operator cannot be called
  C:\Program Files\Microsoft Visual Studio\2022\Community\VC\Tools\MSVC\14.38.33130\include\ostream(766,31):
  or       'std::basic_ostream<char,_Traits> &std::operator <<(std::basic_ostream<char,_Traits> &,const char *)'
  	C:\Users\48571\source\repos\InitializerList\main.cpp(9,10):
  	'initializing': cannot convert from '_T0' to 'const char *'
          with
          [
              _T0=std::initializer_list<int>
          ]
  		C:\Users\48571\source\repos\InitializerList\main.cpp(9,10):
  		No user-defined-conversion operator available that can perform this conversion, or the operator cannot be called
  C:\Program Files\Microsoft Visual Studio\2022\Community\VC\Tools\MSVC\14.38.33130\include\ostream(811,31):
  or       'std::basic_ostream<char,_Traits> &std::operator <<(std::basic_ostream<char,_Traits> &,char)'
  	C:\Users\48571\source\repos\InitializerList\main.cpp(9,10):
  	'initializing': cannot convert from '_T0' to 'char'
          with
          [
              _T0=std::initializer_list<int>
          ]
  		C:\Users\48571\source\repos\InitializerList\main.cpp(9,10):
  		No user-defined-conversion operator available that can perform this conversion, or the operator cannot be called
  C:\Program Files\Microsoft Visual Studio\2022\Community\VC\Tools\MSVC\14.38.33130\include\ostream(849,32):
  or       'std::basic_ostream<_Elem,_Traits> &std::operator <<(std::basic_ostream<_Elem,_Traits> &,const _Elem *)'
  	C:\Users\48571\source\repos\InitializerList\main.cpp(9,2):
  	'std::basic_ostream<_Elem,_Traits> &std::operator <<(std::basic_ostream<_Elem,_Traits> &,const _Elem *)': could not deduce template argument for 'const _Elem *' from '_T0'
          with
          [
              _T0=std::initializer_list<int>
          ]
  C:\Program Files\Microsoft Visual Studio\2022\Community\VC\Tools\MSVC\14.38.33130\include\ostream(892,32):
  or       'std::basic_ostream<_Elem,_Traits> &std::operator <<(std::basic_ostream<_Elem,_Traits> &,_Elem)'
  	C:\Users\48571\source\repos\InitializerList\main.cpp(9,2):
  	'std::basic_ostream<_Elem,_Traits> &std::operator <<(std::basic_ostream<_Elem,_Traits> &,_Elem)': template parameter '_Elem' is ambiguous
  		C:\Users\48571\source\repos\InitializerList\main.cpp(9,2):
  		could be '_T0'
          with
          [
              _T0=std::initializer_list<int>
          ]
  		C:\Users\48571\source\repos\InitializerList\main.cpp(9,2):
  		or       'char'
  	C:\Users\48571\source\repos\InitializerList\main.cpp(9,2):
  	'std::basic_ostream<_Elem,_Traits> &std::operator <<(std::basic_ostream<_Elem,_Traits> &,_Elem)': could not deduce template argument for '_Elem' from '_T0'
          with
          [
              _T0=std::initializer_list<int>
          ]
  C:\Program Files\Microsoft Visual Studio\2022\Community\VC\Tools\MSVC\14.38.33130\include\ostream(928,31):
  or       'std::basic_ostream<char,_Traits> &std::operator <<(std::basic_ostream<char,_Traits> &,const signed char *)'
  	C:\Users\48571\source\repos\InitializerList\main.cpp(9,10):
  	'initializing': cannot convert from '_T0' to 'const signed char *'
          with
          [
              _T0=std::initializer_list<int>
          ]
  		C:\Users\48571\source\repos\InitializerList\main.cpp(9,10):
  		No user-defined-conversion operator available that can perform this conversion, or the operator cannot be called
  C:\Program Files\Microsoft Visual Studio\2022\Community\VC\Tools\MSVC\14.38.33130\include\ostream(934,31):
  or       'std::basic_ostream<char,_Traits> &std::operator <<(std::basic_ostream<char,_Traits> &,signed char)'
  	C:\Users\48571\source\repos\InitializerList\main.cpp(9,10):
  	'initializing': cannot convert from '_T0' to 'signed char'
          with
          [
              _T0=std::initializer_list<int>
          ]
  		C:\Users\48571\source\repos\InitializerList\main.cpp(9,10):
  		No user-defined-conversion operator available that can perform this conversion, or the operator cannot be called
  C:\Program Files\Microsoft Visual Studio\2022\Community\VC\Tools\MSVC\14.38.33130\include\ostream(939,31):
  or       'std::basic_ostream<char,_Traits> &std::operator <<(std::basic_ostream<char,_Traits> &,const unsigned char *)'
  	C:\Users\48571\source\repos\InitializerList\main.cpp(9,10):
  	'initializing': cannot convert from '_T0' to 'const unsigned char *'
          with
          [
              _T0=std::initializer_list<int>
          ]
  		C:\Users\48571\source\repos\InitializerList\main.cpp(9,10):
  		No user-defined-conversion operator available that can perform this conversion, or the operator cannot be called
  C:\Program Files\Microsoft Visual Studio\2022\Community\VC\Tools\MSVC\14.38.33130\include\ostream(945,31):
  or       'std::basic_ostream<char,_Traits> &std::operator <<(std::basic_ostream<char,_Traits> &,unsigned char)'
  	C:\Users\48571\source\repos\InitializerList\main.cpp(9,10):
  	'initializing': cannot convert from '_T0' to 'unsigned char'
          with
          [
              _T0=std::initializer_list<int>
          ]
  		C:\Users\48571\source\repos\InitializerList\main.cpp(9,10):
  		No user-defined-conversion operator available that can perform this conversion, or the operator cannot be called
  C:\Program Files\Microsoft Visual Studio\2022\Community\VC\Tools\MSVC\14.38.33130\include\ostream(953,31):
  or       'std::basic_ostream<char,_Traits> &std::operator <<(std::basic_ostream<char,_Traits> &,const char8_t *)'
  	C:\Users\48571\source\repos\InitializerList\main.cpp(9,10):
  	'initializing': cannot convert from '_T0' to 'const char8_t *'
          with
          [
              _T0=std::initializer_list<int>
          ]
  		C:\Users\48571\source\repos\InitializerList\main.cpp(9,10):
  		No user-defined-conversion operator available that can perform this conversion, or the operator cannot be called
  C:\Program Files\Microsoft Visual Studio\2022\Community\VC\Tools\MSVC\14.38.33130\include\ostream(955,34):
  or       'std::basic_ostream<wchar_t,_Traits> &std::operator <<(std::basic_ostream<wchar_t,_Traits> &,const char8_t *)'
  	C:\Users\48571\source\repos\InitializerList\main.cpp(9,2):
  	'std::basic_ostream<wchar_t,_Traits> &std::operator <<(std::basic_ostream<wchar_t,_Traits> &,const char8_t *)': could not deduce template argument for 'std::basic_ostream<wchar_t,_Traits> &' from 'std::ostream'
  C:\Program Files\Microsoft Visual Studio\2022\Community\VC\Tools\MSVC\14.38.33130\include\ostream(959,31):
  or       'std::basic_ostream<char,_Traits> &std::operator <<(std::basic_ostream<char,_Traits> &,char8_t)'
  	C:\Users\48571\source\repos\InitializerList\main.cpp(9,10):
  	'initializing': cannot convert from '_T0' to 'char8_t'
          with
          [
              _T0=std::initializer_list<int>
          ]
  		C:\Users\48571\source\repos\InitializerList\main.cpp(9,10):
  		No user-defined-conversion operator available that can perform this conversion, or the operator cannot be called
  C:\Program Files\Microsoft Visual Studio\2022\Community\VC\Tools\MSVC\14.38.33130\include\ostream(961,34):
  or       'std::basic_ostream<wchar_t,_Traits> &std::operator <<(std::basic_ostream<wchar_t,_Traits> &,char8_t)'
  	C:\Users\48571\source\repos\InitializerList\main.cpp(9,2):
  	'std::basic_ostream<wchar_t,_Traits> &std::operator <<(std::basic_ostream<wchar_t,_Traits> &,char8_t)': could not deduce template argument for 'std::basic_ostream<wchar_t,_Traits> &' from 'std::ostream'
  C:\Program Files\Microsoft Visual Studio\2022\Community\VC\Tools\MSVC\14.38.33130\include\ostream(967,31):
  or       'std::basic_ostream<char,_Traits> &std::operator <<(std::basic_ostream<char,_Traits> &,wchar_t)'
  	C:\Users\48571\source\repos\InitializerList\main.cpp(9,10):
  	'initializing': cannot convert from '_T0' to 'wchar_t'
          with
          [
              _T0=std::initializer_list<int>
          ]
  		C:\Users\48571\source\repos\InitializerList\main.cpp(9,10):
  		No user-defined-conversion operator available that can perform this conversion, or the operator cannot be called
  C:\Program Files\Microsoft Visual Studio\2022\Community\VC\Tools\MSVC\14.38.33130\include\ostream(970,31):
  or       'std::basic_ostream<char,_Traits> &std::operator <<(std::basic_ostream<char,_Traits> &,const wchar_t *)'
  	C:\Users\48571\source\repos\InitializerList\main.cpp(9,10):
  	'initializing': cannot convert from '_T0' to 'const wchar_t *'
          with
          [
              _T0=std::initializer_list<int>
          ]
  		C:\Users\48571\source\repos\InitializerList\main.cpp(9,10):
  		No user-defined-conversion operator available that can perform this conversion, or the operator cannot be called
  C:\Program Files\Microsoft Visual Studio\2022\Community\VC\Tools\MSVC\14.38.33130\include\ostream(974,31):
  or       'std::basic_ostream<char,_Traits> &std::operator <<(std::basic_ostream<char,_Traits> &,char16_t)'
  	C:\Users\48571\source\repos\InitializerList\main.cpp(9,10):
  	'initializing': cannot convert from '_T0' to 'char16_t'
          with
          [
              _T0=std::initializer_list<int>
          ]
  		C:\Users\48571\source\repos\InitializerList\main.cpp(9,10):
  		No user-defined-conversion operator available that can perform this conversion, or the operator cannot be called
  C:\Program Files\Microsoft Visual Studio\2022\Community\VC\Tools\MSVC\14.38.33130\include\ostream(976,31):
  or       'std::basic_ostream<char,_Traits> &std::operator <<(std::basic_ostream<char,_Traits> &,char32_t)'
  	C:\Users\48571\source\repos\InitializerList\main.cpp(9,10):
  	'initializing': cannot convert from '_T0' to 'char32_t'
          with
          [
              _T0=std::initializer_list<int>
          ]
  		C:\Users\48571\source\repos\InitializerList\main.cpp(9,10):
  		No user-defined-conversion operator available that can perform this conversion, or the operator cannot be called
  C:\Program Files\Microsoft Visual Studio\2022\Community\VC\Tools\MSVC\14.38.33130\include\ostream(979,34):
  or       'std::basic_ostream<wchar_t,_Traits> &std::operator <<(std::basic_ostream<wchar_t,_Traits> &,char16_t)'
  	C:\Users\48571\source\repos\InitializerList\main.cpp(9,2):
  	'std::basic_ostream<wchar_t,_Traits> &std::operator <<(std::basic_ostream<wchar_t,_Traits> &,char16_t)': could not deduce template argument for 'std::basic_ostream<wchar_t,_Traits> &' from 'std::ostream'
  C:\Program Files\Microsoft Visual Studio\2022\Community\VC\Tools\MSVC\14.38.33130\include\ostream(981,34):
  or       'std::basic_ostream<wchar_t,_Traits> &std::operator <<(std::basic_ostream<wchar_t,_Traits> &,char32_t)'
  	C:\Users\48571\source\repos\InitializerList\main.cpp(9,2):
  	'std::basic_ostream<wchar_t,_Traits> &std::operator <<(std::basic_ostream<wchar_t,_Traits> &,char32_t)': could not deduce template argument for 'std::basic_ostream<wchar_t,_Traits> &' from 'std::ostream'
  C:\Program Files\Microsoft Visual Studio\2022\Community\VC\Tools\MSVC\14.38.33130\include\ostream(984,31):
  or       'std::basic_ostream<char,_Traits> &std::operator <<(std::basic_ostream<char,_Traits> &,const char16_t *)'
  	C:\Users\48571\source\repos\InitializerList\main.cpp(9,10):
  	'initializing': cannot convert from '_T0' to 'const char16_t *'
          with
          [
              _T0=std::initializer_list<int>
          ]
  		C:\Users\48571\source\repos\InitializerList\main.cpp(9,10):
  		No user-defined-conversion operator available that can perform this conversion, or the operator cannot be called
  C:\Program Files\Microsoft Visual Studio\2022\Community\VC\Tools\MSVC\14.38.33130\include\ostream(986,31):
  or       'std::basic_ostream<char,_Traits> &std::operator <<(std::basic_ostream<char,_Traits> &,const char32_t *)'
  	C:\Users\48571\source\repos\InitializerList\main.cpp(9,10):
  	'initializing': cannot convert from '_T0' to 'const char32_t *'
          with
          [
              _T0=std::initializer_list<int>
          ]
  		C:\Users\48571\source\repos\InitializerList\main.cpp(9,10):
  		No user-defined-conversion operator available that can perform this conversion, or the operator cannot be called
  C:\Program Files\Microsoft Visual Studio\2022\Community\VC\Tools\MSVC\14.38.33130\include\ostream(989,34):
  or       'std::basic_ostream<wchar_t,_Traits> &std::operator <<(std::basic_ostream<wchar_t,_Traits> &,const char16_t *)'
  	C:\Users\48571\source\repos\InitializerList\main.cpp(9,2):
  	'std::basic_ostream<wchar_t,_Traits> &std::operator <<(std::basic_ostream<wchar_t,_Traits> &,const char16_t *)': could not deduce template argument for 'std::basic_ostream<wchar_t,_Traits> &' from 'std::ostream'
  C:\Program Files\Microsoft Visual Studio\2022\Community\VC\Tools\MSVC\14.38.33130\include\ostream(991,34):
  or       'std::basic_ostream<wchar_t,_Traits> &std::operator <<(std::basic_ostream<wchar_t,_Traits> &,const char32_t *)'
  	C:\Users\48571\source\repos\InitializerList\main.cpp(9,2):
  	'std::basic_ostream<wchar_t,_Traits> &std::operator <<(std::basic_ostream<wchar_t,_Traits> &,const char32_t *)': could not deduce template argument for 'std::basic_ostream<wchar_t,_Traits> &' from 'std::ostream'
  C:\Program Files\Microsoft Visual Studio\2022\Community\VC\Tools\MSVC\14.38.33130\include\ostream(1003,9):
  or       '_Ostr &&std::operator <<(_Ostr &&,const _Ty &)'
  	C:\Users\48571\source\repos\InitializerList\main.cpp(9,2):
  	'_Ostr &&std::operator <<(_Ostr &&,const _Ty &)': could not deduce template argument for '__formal'
  		C:\Program Files\Microsoft Visual Studio\2022\Community\VC\Tools\MSVC\14.38.33130\include\ostream(1002,103):
  		'<template-parameter>': you cannot create a pointer to a reference
  C:\Program Files\Microsoft Visual Studio\2022\Community\VC\Tools\MSVC\14.38.33130\include\ostream(1080,32):
  or       'std::basic_ostream<_Elem,_Traits> &std::operator <<(std::basic_ostream<_Elem,_Traits> &,const std::error_code &)'
  	C:\Users\48571\source\repos\InitializerList\main.cpp(9,10):
  	'initializing': cannot convert from '_T0' to 'const std::error_code &'
          with
          [
              _T0=std::initializer_list<int>
          ]
  		C:\Users\48571\source\repos\InitializerList\main.cpp(9,10):
  		Reason: cannot convert from '_T0' to 'const std::error_code'
          with
          [
              _T0=std::initializer_list<int>
          ]
  		C:\Users\48571\source\repos\InitializerList\main.cpp(9,10):
  		No user-defined-conversion operator available that can perform this conversion, or the operator cannot be called
  C:\Users\48571\source\repos\InitializerList\main.cpp(9,2):
  while trying to match the argument list '(std::ostream, _T0)'
          with
          [
              _T0=std::initializer_list<int>
          ]
  C:\Users\48571\source\repos\InitializerList\main.cpp(9,2):
  the template instantiation context (the oldest one first) is
  	C:\Users\48571\source\repos\InitializerList\main.cpp(23,2):
  	see reference to function template instantiation 'void func<std::initializer_list<int>>(_T0)' being compiled
          with
          [
              _T0=std::initializer_list<int>
          ]
  
